2016/09/07 18:02:40 INFO  - jmeter.util.JMeterUtils: Setting Locale to en_US 
2016/09/07 18:02:40 INFO  - jmeter.JMeter: Loading user properties from: /Users/sidnarang/.bzt/jmeter-taurus/bin/user.properties 
2016/09/07 18:02:40 INFO  - jmeter.JMeter: Loading system properties from: /Users/sidnarang/.bzt/jmeter-taurus/bin/system.properties 
2016/09/07 18:02:40 INFO  - jmeter.JMeter: Setting System properties from file: /Users/sidnarang/demo_jenkins/jenkins/2016-09-07_18-02-34.173648/system.properties 
2016/09/07 18:02:40 INFO  - jmeter.JMeter: Copyright (c) 1998-2015 The Apache Software Foundation 
2016/09/07 18:02:40 INFO  - jmeter.JMeter: Version 2.13 r1665067 
2016/09/07 18:02:40 INFO  - jmeter.JMeter: java.version=1.8.0_45 
2016/09/07 18:02:40 INFO  - jmeter.JMeter: java.vm.name=Java HotSpot(TM) 64-Bit Server VM 
2016/09/07 18:02:40 INFO  - jmeter.JMeter: os.name=Mac OS X 
2016/09/07 18:02:40 INFO  - jmeter.JMeter: os.arch=x86_64 
2016/09/07 18:02:40 INFO  - jmeter.JMeter: os.version=10.10.5 
2016/09/07 18:02:40 INFO  - jmeter.JMeter: file.encoding=UTF-8 
2016/09/07 18:02:40 INFO  - jmeter.JMeter: Default Locale=English (United States) 
2016/09/07 18:02:40 INFO  - jmeter.JMeter: JMeter  Locale=English (United States) 
2016/09/07 18:02:40 INFO  - jmeter.JMeter: JMeterHome=/Users/sidnarang/.bzt/jmeter-taurus 
2016/09/07 18:02:40 INFO  - jmeter.JMeter: user.dir  =/Users/sidnarang/demo_jenkins/jenkins 
2016/09/07 18:02:40 INFO  - jmeter.JMeter: PWD       =/Users/sidnarang/demo_jenkins/jenkins 
2016/09/07 18:02:40 INFO  - jmeter.JMeter: IP: 10.0.0.57 Name: Sids-MacBook-Pro-2.local FullName: 10.0.0.57 
2016/09/07 18:02:40 INFO  - jmeter.JMeter: user.classpath=/Users/sidnarang/demo_jenkins/jenkins/2016-09-07_18-02-34.173648 
2016/09/07 18:02:40 INFO  - jmeter.JMeter: Adding to classpath and loader: /Users/sidnarang/demo_jenkins/jenkins/2016-09-07_18-02-34.173648 
2016/09/07 18:02:40 INFO  - jmeter.services.FileServer: Default base='/Users/sidnarang/demo_jenkins/jenkins' 
2016/09/07 18:02:40 INFO  - jmeter.services.FileServer: Set new base='/Users/sidnarang/demo_jenkins/jenkins/2016-09-07_18-02-34.173648' 
2016/09/07 18:02:40 INFO  - jmeter.save.SaveService: Testplan (JMX) version: 2.2. Testlog (JTL) version: 2.2 
2016/09/07 18:02:40 INFO  - jmeter.save.SaveService: Using SaveService properties file encoding UTF-8 
2016/09/07 18:02:40 INFO  - jmeter.save.SaveService: Using SaveService properties file version 1656252 
2016/09/07 18:02:40 INFO  - jmeter.save.SaveService: Using SaveService properties version 2.8 
2016/09/07 18:02:40 INFO  - jmeter.save.SaveService: All converter versions present and correct 
2016/09/07 18:02:40 INFO  - jmeter.save.SaveService: Loading file: /Users/sidnarang/demo_jenkins/jenkins/2016-09-07_18-02-34.173648/modified_requests.jmx 
2016/09/07 18:02:40 INFO  - jmeter.protocol.http.control.CacheManager: Will only cache the following methods: [GET] 
2016/09/07 18:02:40 INFO  - jmeter.protocol.http.control.CookieManager: Settings: Delete null: true Check: true Allow variable: true Save: false Prefix: COOKIE_ 
2016/09/07 18:02:40 INFO  - jmeter.protocol.http.sampler.HTTPSamplerBase: Cannot find .className property for htmlParser, using default 
2016/09/07 18:02:40 INFO  - jmeter.protocol.http.sampler.HTTPSamplerBase: Parser for text/html is  
2016/09/07 18:02:40 INFO  - jmeter.protocol.http.sampler.HTTPSamplerBase: Parser for application/xhtml+xml is  
2016/09/07 18:02:40 INFO  - jmeter.protocol.http.sampler.HTTPSamplerBase: Parser for application/xml is  
2016/09/07 18:02:40 INFO  - jmeter.protocol.http.sampler.HTTPSamplerBase: Parser for text/xml is  
2016/09/07 18:02:40 INFO  - jmeter.protocol.http.sampler.HTTPSamplerBase: Parser for text/vnd.wap.wml is org.apache.jmeter.protocol.http.parser.RegexpHTMLParser 
2016/09/07 18:02:40 INFO  - jmeter.engine.StandardJMeterEngine: Listeners will be started after enabling running version 
2016/09/07 18:02:40 INFO  - jmeter.engine.StandardJMeterEngine: To revert to the earlier behaviour, define jmeterengine.startlistenerslater=false 
2016/09/07 18:02:40 INFO  - jmeter.engine.StandardJMeterEngine: Running the test! 
2016/09/07 18:02:40 INFO  - jmeter.samplers.SampleEvent: List of sample_variables: [] 
2016/09/07 18:02:40 INFO  - jmeter.samplers.SampleEvent: List of sample_variables: [] 
2016/09/07 18:02:40 INFO  - jmeter.engine.util.CompoundVariable: Note: Function class names must contain the string: '.functions.' 
2016/09/07 18:02:40 INFO  - jmeter.engine.util.CompoundVariable: Note: Function class names must not contain the string: '.gui.' 
2016/09/07 18:02:41 INFO  - jmeter.JMeter: Running test (1473296561048) 
2016/09/07 18:02:41 INFO  - jmeter.engine.StandardJMeterEngine: Starting ThreadGroup: 1 : ThreadGroup 
2016/09/07 18:02:41 INFO  - jmeter.engine.StandardJMeterEngine: Starting 200 threads for group ThreadGroup. 
2016/09/07 18:02:41 INFO  - jmeter.engine.StandardJMeterEngine: Thread will continue on error 
2016/09/07 18:02:41 INFO  - jmeter.threads.ThreadGroup: Starting thread group number 1 threads 200 ramp-up 300 perThread 1500.0 delayedStart=false 
2016/09/07 18:02:41 INFO  - jmeter.threads.JMeterThread: jmeterthread.startearlier=true (see jmeter.properties) 
2016/09/07 18:02:41 INFO  - jmeter.threads.JMeterThread: Running PostProcessors in forward order 
2016/09/07 18:02:41 INFO  - jmeter.threads.JMeterThread: Thread started: ThreadGroup 1-1 
2016/09/07 18:02:41 INFO  - jmeter.threads.ThreadGroup: Started thread group number 1 
2016/09/07 18:02:41 INFO  - jmeter.engine.StandardJMeterEngine: All thread groups have been started 
2016/09/07 18:02:41 INFO  - jmeter.protocol.http.sampler.HTTPHCAbstractImpl: Local host = Sids-MacBook-Pro-2.local 
2016/09/07 18:02:41 INFO  - jmeter.protocol.http.sampler.HTTPHC4Impl: HTTP request retry count = 0 
2016/09/07 18:02:41 INFO  - jmeter.protocol.http.sampler.HTTPHC4Impl: Setting up HTTPS TrustAll scheme 
2016/09/07 18:02:41 INFO  - jmeter.util.JsseSSLManager: Using default SSL protocol: TLS 
2016/09/07 18:02:41 INFO  - jmeter.util.JsseSSLManager: SSL session context: per-thread 
2016/09/07 18:02:41 INFO  - jmeter.JMeter: Command: Shutdown received from /127.0.0.1 
2016/09/07 18:02:41 INFO  - jmeter.threads.JMeterThread: Stopping: ThreadGroup 1-22 
2016/09/07 18:02:41 INFO  - jmeter.threads.JMeterThread: Stopping: ThreadGroup 1-107 
2016/09/07 18:02:41 INFO  - jmeter.threads.JMeterThread: Stopping: ThreadGroup 1-182 
2016/09/07 18:02:41 INFO  - jmeter.threads.JMeterThread: Stopping: ThreadGroup 1-141 
2016/09/07 18:02:41 INFO  - jmeter.threads.JMeterThread: Stopping: ThreadGroup 1-110 
2016/09/07 18:02:41 INFO  - jmeter.threads.JMeterThread: Stopping: ThreadGroup 1-7 
2016/09/07 18:02:41 INFO  - jmeter.threads.JMeterThread: Stopping: ThreadGroup 1-81 
2016/09/07 18:02:41 INFO  - jmeter.threads.JMeterThread: Stopping: ThreadGroup 1-181 
2016/09/07 18:02:41 INFO  - jmeter.threads.JMeterThread: Stopping: ThreadGroup 1-66 
2016/09/07 18:02:41 INFO  - jmeter.threads.JMeterThread: Stopping: ThreadGroup 1-155 
2016/09/07 18:02:41 INFO  - jmeter.threads.JMeterThread: Stopping: ThreadGroup 1-108 
2016/09/07 18:02:41 INFO  - jmeter.threads.JMeterThread: Stopping: ThreadGroup 1-125 
2016/09/07 18:02:41 INFO  - jmeter.threads.JMeterThread: Stopping: ThreadGroup 1-171 
2016/09/07 18:02:41 INFO  - jmeter.threads.JMeterThread: Stopping: ThreadGroup 1-8 
2016/09/07 18:02:41 INFO  - jmeter.threads.JMeterThread: Stopping: ThreadGroup 1-180 
2016/09/07 18:02:41 INFO  - jmeter.threads.JMeterThread: Stopping: ThreadGroup 1-61 
2016/09/07 18:02:41 INFO  - jmeter.threads.JMeterThread: Stopping: ThreadGroup 1-112 
2016/09/07 18:02:41 INFO  - jmeter.threads.JMeterThread: Stopping: ThreadGroup 1-200 
2016/09/07 18:02:41 INFO  - jmeter.threads.JMeterThread: Stopping: ThreadGroup 1-70 
2016/09/07 18:02:41 INFO  - jmeter.threads.JMeterThread: Stopping: ThreadGroup 1-91 
2016/09/07 18:02:41 INFO  - jmeter.threads.JMeterThread: Stopping: ThreadGroup 1-113 
2016/09/07 18:02:41 INFO  - jmeter.threads.JMeterThread: Stopping: ThreadGroup 1-77 
2016/09/07 18:02:41 INFO  - jmeter.threads.JMeterThread: Stopping: ThreadGroup 1-83 
2016/09/07 18:02:41 INFO  - jmeter.threads.JMeterThread: Stopping: ThreadGroup 1-59 
2016/09/07 18:02:41 INFO  - jmeter.threads.JMeterThread: Stopping: ThreadGroup 1-161 
2016/09/07 18:02:41 INFO  - jmeter.threads.JMeterThread: Stopping: ThreadGroup 1-33 
2016/09/07 18:02:41 INFO  - jmeter.threads.JMeterThread: Stopping: ThreadGroup 1-148 
2016/09/07 18:02:41 INFO  - jmeter.threads.JMeterThread: Stopping: ThreadGroup 1-92 
2016/09/07 18:02:41 INFO  - jmeter.threads.JMeterThread: Stopping: ThreadGroup 1-104 
2016/09/07 18:02:41 INFO  - jmeter.threads.JMeterThread: Stopping: ThreadGroup 1-25 
2016/09/07 18:02:41 INFO  - jmeter.threads.JMeterThread: Stopping: ThreadGroup 1-144 
2016/09/07 18:02:41 INFO  - jmeter.threads.JMeterThread: Stopping: ThreadGroup 1-72 
2016/09/07 18:02:41 INFO  - jmeter.threads.JMeterThread: Stopping: ThreadGroup 1-159 
2016/09/07 18:02:41 INFO  - jmeter.threads.JMeterThread: Stopping: ThreadGroup 1-56 
2016/09/07 18:02:41 INFO  - jmeter.threads.JMeterThread: Stopping: ThreadGroup 1-118 
2016/09/07 18:02:41 INFO  - jmeter.threads.JMeterThread: Stopping: ThreadGroup 1-102 
2016/09/07 18:02:41 INFO  - jmeter.threads.JMeterThread: Stopping: ThreadGroup 1-195 
2016/09/07 18:02:41 INFO  - jmeter.threads.JMeterThread: Stopping: ThreadGroup 1-137 
2016/09/07 18:02:41 INFO  - jmeter.threads.JMeterThread: Stopping: ThreadGroup 1-153 
2016/09/07 18:02:41 INFO  - jmeter.threads.JMeterThread: Stopping: ThreadGroup 1-4 
2016/09/07 18:02:41 INFO  - jmeter.threads.JMeterThread: Stopping: ThreadGroup 1-179 
2016/09/07 18:02:41 INFO  - jmeter.threads.JMeterThread: Stopping: ThreadGroup 1-48 
2016/09/07 18:02:41 INFO  - jmeter.threads.JMeterThread: Stopping: ThreadGroup 1-55 
2016/09/07 18:02:41 INFO  - jmeter.threads.JMeterThread: Stopping: ThreadGroup 1-192 
2016/09/07 18:02:41 INFO  - jmeter.threads.JMeterThread: Stopping: ThreadGroup 1-38 
2016/09/07 18:02:41 INFO  - jmeter.threads.JMeterThread: Stopping: ThreadGroup 1-124 
2016/09/07 18:02:41 INFO  - jmeter.threads.JMeterThread: Stopping: ThreadGroup 1-149 
2016/09/07 18:02:41 INFO  - jmeter.threads.JMeterThread: Stopping: ThreadGroup 1-93 
2016/09/07 18:02:41 INFO  - jmeter.threads.JMeterThread: Stopping: ThreadGroup 1-198 
2016/09/07 18:02:41 INFO  - jmeter.threads.JMeterThread: Stopping: ThreadGroup 1-167 
2016/09/07 18:02:41 INFO  - jmeter.threads.JMeterThread: Stopping: ThreadGroup 1-105 
2016/09/07 18:02:41 INFO  - jmeter.threads.JMeterThread: Stopping: ThreadGroup 1-85 
2016/09/07 18:02:41 INFO  - jmeter.threads.JMeterThread: Stopping: ThreadGroup 1-134 
2016/09/07 18:02:41 INFO  - jmeter.threads.JMeterThread: Stopping: ThreadGroup 1-31 
2016/09/07 18:02:41 INFO  - jmeter.threads.JMeterThread: Stopping: ThreadGroup 1-123 
2016/09/07 18:02:41 INFO  - jmeter.threads.JMeterThread: Stopping: ThreadGroup 1-140 
2016/09/07 18:02:41 INFO  - jmeter.threads.JMeterThread: Stopping: ThreadGroup 1-10 
2016/09/07 18:02:41 INFO  - jmeter.threads.JMeterThread: Stopping: ThreadGroup 1-131 
2016/09/07 18:02:41 INFO  - jmeter.threads.JMeterThread: Stopping: ThreadGroup 1-43 
2016/09/07 18:02:41 INFO  - jmeter.threads.JMeterThread: Stopping: ThreadGroup 1-173 
2016/09/07 18:02:41 INFO  - jmeter.threads.JMeterThread: Stopping: ThreadGroup 1-28 
2016/09/07 18:02:41 INFO  - jmeter.threads.JMeterThread: Stopping: ThreadGroup 1-75 
2016/09/07 18:02:41 INFO  - jmeter.threads.JMeterThread: Stopping: ThreadGroup 1-193 
2016/09/07 18:02:41 INFO  - jmeter.threads.JMeterThread: Stopping: ThreadGroup 1-2 
2016/09/07 18:02:41 INFO  - jmeter.threads.JMeterThread: Stopping: ThreadGroup 1-84 
2016/09/07 18:02:41 INFO  - jmeter.threads.JMeterThread: Stopping: ThreadGroup 1-60 
2016/09/07 18:02:41 INFO  - jmeter.threads.JMeterThread: Stopping: ThreadGroup 1-24 
2016/09/07 18:02:41 INFO  - jmeter.threads.JMeterThread: Stopping: ThreadGroup 1-121 
2016/09/07 18:02:41 INFO  - jmeter.threads.JMeterThread: Stopping: ThreadGroup 1-169 
2016/09/07 18:02:41 INFO  - jmeter.threads.JMeterThread: Stopping: ThreadGroup 1-35 
2016/09/07 18:02:41 INFO  - jmeter.threads.JMeterThread: Stopping: ThreadGroup 1-194 
2016/09/07 18:02:41 INFO  - jmeter.threads.JMeterThread: Stopping: ThreadGroup 1-27 
2016/09/07 18:02:41 INFO  - jmeter.threads.JMeterThread: Stopping: ThreadGroup 1-196 
2016/09/07 18:02:41 INFO  - jmeter.threads.JMeterThread: Stopping: ThreadGroup 1-109 
2016/09/07 18:02:41 INFO  - jmeter.threads.JMeterThread: Stopping: ThreadGroup 1-129 
2016/09/07 18:02:41 INFO  - jmeter.threads.JMeterThread: Stopping: ThreadGroup 1-36 
2016/09/07 18:02:41 INFO  - jmeter.threads.JMeterThread: Stopping: ThreadGroup 1-9 
2016/09/07 18:02:41 INFO  - jmeter.threads.JMeterThread: Stopping: ThreadGroup 1-45 
2016/09/07 18:02:41 INFO  - jmeter.threads.JMeterThread: Stopping: ThreadGroup 1-88 
2016/09/07 18:02:41 INFO  - jmeter.threads.JMeterThread: Stopping: ThreadGroup 1-145 
2016/09/07 18:02:41 INFO  - jmeter.threads.JMeterThread: Stopping: ThreadGroup 1-32 
2016/09/07 18:02:41 INFO  - jmeter.threads.JMeterThread: Stopping: ThreadGroup 1-189 
2016/09/07 18:02:41 INFO  - jmeter.threads.JMeterThread: Stopping: ThreadGroup 1-63 
2016/09/07 18:02:41 INFO  - jmeter.threads.JMeterThread: Stopping: ThreadGroup 1-130 
2016/09/07 18:02:41 INFO  - jmeter.threads.JMeterThread: Stopping: ThreadGroup 1-76 
2016/09/07 18:02:41 INFO  - jmeter.threads.JMeterThread: Stopping: ThreadGroup 1-14 
2016/09/07 18:02:41 INFO  - jmeter.threads.JMeterThread: Stopping: ThreadGroup 1-133 
2016/09/07 18:02:41 INFO  - jmeter.threads.JMeterThread: Stopping: ThreadGroup 1-119 
2016/09/07 18:02:41 INFO  - jmeter.threads.JMeterThread: Stopping: ThreadGroup 1-158 
2016/09/07 18:02:41 INFO  - jmeter.threads.JMeterThread: Stopping: ThreadGroup 1-191 
2016/09/07 18:02:41 INFO  - jmeter.threads.JMeterThread: Stopping: ThreadGroup 1-73 
2016/09/07 18:02:41 INFO  - jmeter.threads.JMeterThread: Stopping: ThreadGroup 1-152 
2016/09/07 18:02:41 INFO  - jmeter.threads.JMeterThread: Stopping: ThreadGroup 1-128 
2016/09/07 18:02:41 INFO  - jmeter.threads.JMeterThread: Stopping: ThreadGroup 1-172 
2016/09/07 18:02:41 INFO  - jmeter.threads.JMeterThread: Stopping: ThreadGroup 1-82 
2016/09/07 18:02:41 INFO  - jmeter.threads.JMeterThread: Stopping: ThreadGroup 1-114 
2016/09/07 18:02:41 INFO  - jmeter.threads.JMeterThread: Stopping: ThreadGroup 1-197 
2016/09/07 18:02:41 INFO  - jmeter.threads.JMeterThread: Stopping: ThreadGroup 1-69 
2016/09/07 18:02:41 INFO  - jmeter.threads.JMeterThread: Stopping: ThreadGroup 1-183 
2016/09/07 18:02:41 INFO  - jmeter.threads.JMeterThread: Stopping: ThreadGroup 1-187 
2016/09/07 18:02:41 INFO  - jmeter.threads.JMeterThread: Stopping: ThreadGroup 1-87 
2016/09/07 18:02:41 INFO  - jmeter.threads.JMeterThread: Stopping: ThreadGroup 1-150 
2016/09/07 18:02:41 INFO  - jmeter.threads.JMeterThread: Stopping: ThreadGroup 1-40 
2016/09/07 18:02:41 INFO  - jmeter.threads.JMeterThread: Stopping: ThreadGroup 1-17 
2016/09/07 18:02:41 INFO  - jmeter.threads.JMeterThread: Stopping: ThreadGroup 1-120 
2016/09/07 18:02:41 INFO  - jmeter.threads.JMeterThread: Stopping: ThreadGroup 1-65 
2016/09/07 18:02:41 INFO  - jmeter.threads.JMeterThread: Stopping: ThreadGroup 1-139 
2016/09/07 18:02:41 INFO  - jmeter.threads.JMeterThread: Stopping: ThreadGroup 1-3 
2016/09/07 18:02:41 INFO  - jmeter.threads.JMeterThread: Stopping: ThreadGroup 1-15 
2016/09/07 18:02:41 INFO  - jmeter.threads.JMeterThread: Stopping: ThreadGroup 1-99 
2016/09/07 18:02:41 INFO  - jmeter.threads.JMeterThread: Stopping: ThreadGroup 1-68 
2016/09/07 18:02:41 INFO  - jmeter.threads.JMeterThread: Stopping: ThreadGroup 1-21 
2016/09/07 18:02:41 INFO  - jmeter.threads.JMeterThread: Stopping: ThreadGroup 1-127 
2016/09/07 18:02:41 INFO  - jmeter.threads.JMeterThread: Stopping: ThreadGroup 1-26 
2016/09/07 18:02:41 INFO  - jmeter.threads.JMeterThread: Stopping: ThreadGroup 1-95 
2016/09/07 18:02:41 INFO  - jmeter.threads.JMeterThread: Stopping: ThreadGroup 1-13 
2016/09/07 18:02:41 INFO  - jmeter.threads.JMeterThread: Stopping: ThreadGroup 1-142 
2016/09/07 18:02:41 INFO  - jmeter.threads.JMeterThread: Stopping: ThreadGroup 1-154 
2016/09/07 18:02:41 INFO  - jmeter.threads.JMeterThread: Stopping: ThreadGroup 1-163 
2016/09/07 18:02:41 INFO  - jmeter.threads.JMeterThread: Stopping: ThreadGroup 1-132 
2016/09/07 18:02:41 INFO  - jmeter.threads.JMeterThread: Stopping: ThreadGroup 1-143 
2016/09/07 18:02:41 INFO  - jmeter.threads.JMeterThread: Stopping: ThreadGroup 1-101 
2016/09/07 18:02:41 INFO  - jmeter.threads.JMeterThread: Stopping: ThreadGroup 1-29 
2016/09/07 18:02:41 INFO  - jmeter.threads.JMeterThread: Stopping: ThreadGroup 1-6 
2016/09/07 18:02:41 INFO  - jmeter.threads.JMeterThread: Stopping: ThreadGroup 1-11 
2016/09/07 18:02:41 INFO  - jmeter.threads.JMeterThread: Stopping: ThreadGroup 1-62 
2016/09/07 18:02:41 INFO  - jmeter.threads.JMeterThread: Stopping: ThreadGroup 1-39 
2016/09/07 18:02:41 INFO  - jmeter.threads.JMeterThread: Stopping: ThreadGroup 1-177 
2016/09/07 18:02:41 INFO  - jmeter.threads.JMeterThread: Stopping: ThreadGroup 1-51 
2016/09/07 18:02:41 INFO  - jmeter.threads.JMeterThread: Stopping: ThreadGroup 1-117 
2016/09/07 18:02:41 INFO  - jmeter.threads.JMeterThread: Stopping: ThreadGroup 1-89 
2016/09/07 18:02:41 INFO  - jmeter.threads.JMeterThread: Stopping: ThreadGroup 1-20 
2016/09/07 18:02:41 INFO  - jmeter.threads.JMeterThread: Stopping: ThreadGroup 1-135 
2016/09/07 18:02:41 INFO  - jmeter.threads.JMeterThread: Stopping: ThreadGroup 1-12 
2016/09/07 18:02:41 INFO  - jmeter.threads.JMeterThread: Stopping: ThreadGroup 1-47 
2016/09/07 18:02:41 INFO  - jmeter.threads.JMeterThread: Stopping: ThreadGroup 1-185 
2016/09/07 18:02:41 INFO  - jmeter.threads.JMeterThread: Stopping: ThreadGroup 1-53 
2016/09/07 18:02:41 INFO  - jmeter.threads.JMeterThread: Stopping: ThreadGroup 1-96 
2016/09/07 18:02:41 INFO  - jmeter.threads.JMeterThread: Stopping: ThreadGroup 1-170 
2016/09/07 18:02:41 INFO  - jmeter.threads.JMeterThread: Stopping: ThreadGroup 1-54 
2016/09/07 18:02:41 INFO  - jmeter.threads.JMeterThread: Stopping: ThreadGroup 1-178 
2016/09/07 18:02:41 INFO  - jmeter.threads.JMeterThread: Stopping: ThreadGroup 1-162 
2016/09/07 18:02:41 INFO  - jmeter.threads.JMeterThread: Stopping: ThreadGroup 1-5 
2016/09/07 18:02:41 INFO  - jmeter.threads.JMeterThread: Stopping: ThreadGroup 1-23 
2016/09/07 18:02:41 INFO  - jmeter.threads.JMeterThread: Stopping: ThreadGroup 1-19 
2016/09/07 18:02:41 INFO  - jmeter.threads.JMeterThread: Stopping: ThreadGroup 1-168 
2016/09/07 18:02:41 INFO  - jmeter.threads.JMeterThread: Stopping: ThreadGroup 1-106 
2016/09/07 18:02:41 INFO  - jmeter.threads.JMeterThread: Stopping: ThreadGroup 1-147 
2016/09/07 18:02:41 INFO  - jmeter.threads.JMeterThread: Stopping: ThreadGroup 1-111 
2016/09/07 18:02:41 INFO  - jmeter.threads.JMeterThread: Stopping: ThreadGroup 1-42 
2016/09/07 18:02:41 INFO  - jmeter.threads.JMeterThread: Stopping: ThreadGroup 1-151 
2016/09/07 18:02:41 INFO  - jmeter.threads.JMeterThread: Stopping: ThreadGroup 1-67 
2016/09/07 18:02:41 INFO  - jmeter.threads.JMeterThread: Stopping: ThreadGroup 1-97 
2016/09/07 18:02:41 INFO  - jmeter.threads.JMeterThread: Stopping: ThreadGroup 1-188 
2016/09/07 18:02:41 INFO  - jmeter.threads.JMeterThread: Stopping: ThreadGroup 1-57 
2016/09/07 18:02:41 INFO  - jmeter.threads.JMeterThread: Stopping: ThreadGroup 1-79 
2016/09/07 18:02:41 INFO  - jmeter.threads.JMeterThread: Stopping: ThreadGroup 1-115 
2016/09/07 18:02:41 INFO  - jmeter.threads.JMeterThread: Stopping: ThreadGroup 1-49 
2016/09/07 18:02:41 INFO  - jmeter.threads.JMeterThread: Stopping: ThreadGroup 1-37 
2016/09/07 18:02:41 INFO  - jmeter.threads.JMeterThread: Stopping: ThreadGroup 1-199 
2016/09/07 18:02:41 INFO  - jmeter.threads.JMeterThread: Stopping: ThreadGroup 1-100 
2016/09/07 18:02:41 INFO  - jmeter.threads.JMeterThread: Stopping: ThreadGroup 1-190 
2016/09/07 18:02:41 INFO  - jmeter.threads.JMeterThread: Stopping: ThreadGroup 1-30 
2016/09/07 18:02:41 INFO  - jmeter.threads.JMeterThread: Stopping: ThreadGroup 1-18 
2016/09/07 18:02:41 INFO  - jmeter.threads.JMeterThread: Stopping: ThreadGroup 1-126 
2016/09/07 18:02:41 INFO  - jmeter.threads.JMeterThread: Stopping: ThreadGroup 1-136 
2016/09/07 18:02:41 INFO  - jmeter.threads.JMeterThread: Stopping: ThreadGroup 1-156 
2016/09/07 18:02:41 INFO  - jmeter.threads.JMeterThread: Stopping: ThreadGroup 1-122 
2016/09/07 18:02:41 INFO  - jmeter.threads.JMeterThread: Stopping: ThreadGroup 1-80 
2016/09/07 18:02:41 INFO  - jmeter.threads.JMeterThread: Stopping: ThreadGroup 1-46 
2016/09/07 18:02:41 INFO  - jmeter.threads.JMeterThread: Stopping: ThreadGroup 1-58 
2016/09/07 18:02:41 INFO  - jmeter.threads.JMeterThread: Stopping: ThreadGroup 1-41 
2016/09/07 18:02:41 INFO  - jmeter.threads.JMeterThread: Stopping: ThreadGroup 1-164 
2016/09/07 18:02:41 INFO  - jmeter.threads.JMeterThread: Stopping: ThreadGroup 1-34 
2016/09/07 18:02:41 INFO  - jmeter.threads.JMeterThread: Stopping: ThreadGroup 1-103 
2016/09/07 18:02:41 INFO  - jmeter.threads.JMeterThread: Stopping: ThreadGroup 1-176 
2016/09/07 18:02:41 INFO  - jmeter.threads.JMeterThread: Stopping: ThreadGroup 1-184 
2016/09/07 18:02:41 INFO  - jmeter.threads.JMeterThread: Stopping: ThreadGroup 1-157 
2016/09/07 18:02:41 INFO  - jmeter.threads.JMeterThread: Stopping: ThreadGroup 1-165 
2016/09/07 18:02:41 INFO  - jmeter.threads.JMeterThread: Stopping: ThreadGroup 1-175 
2016/09/07 18:02:41 INFO  - jmeter.threads.JMeterThread: Stopping: ThreadGroup 1-74 
2016/09/07 18:02:41 INFO  - jmeter.threads.JMeterThread: Stopping: ThreadGroup 1-116 
2016/09/07 18:02:41 INFO  - jmeter.threads.JMeterThread: Stopping: ThreadGroup 1-138 
2016/09/07 18:02:41 INFO  - jmeter.threads.JMeterThread: Stopping: ThreadGroup 1-146 
2016/09/07 18:02:41 INFO  - jmeter.threads.JMeterThread: Stopping: ThreadGroup 1-64 
2016/09/07 18:02:41 INFO  - jmeter.threads.JMeterThread: Stopping: ThreadGroup 1-186 
2016/09/07 18:02:41 INFO  - jmeter.threads.JMeterThread: Stopping: ThreadGroup 1-78 
2016/09/07 18:02:41 INFO  - jmeter.threads.JMeterThread: Stopping: ThreadGroup 1-71 
2016/09/07 18:02:41 INFO  - jmeter.threads.JMeterThread: Stopping: ThreadGroup 1-16 
2016/09/07 18:02:41 INFO  - jmeter.threads.JMeterThread: Stopping: ThreadGroup 1-94 
2016/09/07 18:02:41 INFO  - jmeter.threads.JMeterThread: Stopping: ThreadGroup 1-160 
2016/09/07 18:02:41 INFO  - jmeter.threads.JMeterThread: Stopping: ThreadGroup 1-174 
2016/09/07 18:02:41 INFO  - jmeter.threads.JMeterThread: Stopping: ThreadGroup 1-90 
2016/09/07 18:02:41 INFO  - jmeter.threads.JMeterThread: Stopping: ThreadGroup 1-166 
2016/09/07 18:02:41 INFO  - jmeter.threads.JMeterThread: Stopping: ThreadGroup 1-86 
2016/09/07 18:02:41 INFO  - jmeter.threads.JMeterThread: Stopping: ThreadGroup 1-52 
2016/09/07 18:02:41 INFO  - jmeter.threads.JMeterThread: Stopping: ThreadGroup 1-1 
2016/09/07 18:02:41 INFO  - jmeter.threads.JMeterThread: Stopping: ThreadGroup 1-44 
2016/09/07 18:02:41 INFO  - jmeter.threads.JMeterThread: Stopping: ThreadGroup 1-50 
2016/09/07 18:02:41 INFO  - jmeter.threads.JMeterThread: Stopping: ThreadGroup 1-98 
2016/09/07 18:02:41 INFO  - jmeter.samplers.SampleResult: Note: Sample TimeStamps are START times 
2016/09/07 18:02:41 INFO  - jmeter.samplers.SampleResult: sampleresult.default.encoding is set to ISO-8859-1 
2016/09/07 18:02:41 INFO  - jmeter.samplers.SampleResult: sampleresult.useNanoTime=true 
2016/09/07 18:02:41 INFO  - jmeter.samplers.SampleResult: sampleresult.nanoThreadSleep=5000 
2016/09/07 18:02:42 INFO  - jmeter.threads.JMeterThread: Thread started: ThreadGroup 1-5 
2016/09/07 18:02:42 INFO  - jmeter.threads.JMeterThread: Thread started: ThreadGroup 1-3 
2016/09/07 18:02:42 INFO  - jmeter.threads.JMeterThread: Thread started: ThreadGroup 1-4 
2016/09/07 18:02:42 INFO  - jmeter.threads.JMeterThread: Thread finished: ThreadGroup 1-5 
2016/09/07 18:02:42 INFO  - jmeter.threads.JMeterThread: Thread started: ThreadGroup 1-6 
2016/09/07 18:02:42 INFO  - jmeter.threads.JMeterThread: Thread started: ThreadGroup 1-2 
2016/09/07 18:02:42 INFO  - jmeter.threads.JMeterThread: Thread finished: ThreadGroup 1-6 
2016/09/07 18:02:42 INFO  - jmeter.threads.JMeterThread: Thread finished: ThreadGroup 1-4 
2016/09/07 18:02:42 INFO  - jmeter.threads.JMeterThread: Thread finished: ThreadGroup 1-3 
2016/09/07 18:02:42 INFO  - jmeter.threads.JMeterThread: Thread finished: ThreadGroup 1-2 
2016/09/07 18:02:42 INFO  - jmeter.threads.JMeterThread: Thread started: ThreadGroup 1-8 
2016/09/07 18:02:42 INFO  - jmeter.threads.JMeterThread: Thread started: ThreadGroup 1-9 
2016/09/07 18:02:42 INFO  - jmeter.threads.JMeterThread: Thread started: ThreadGroup 1-7 
2016/09/07 18:02:42 INFO  - jmeter.threads.JMeterThread: Thread started: ThreadGroup 1-10 
2016/09/07 18:02:42 INFO  - jmeter.threads.JMeterThread: Thread finished: ThreadGroup 1-7 
2016/09/07 18:02:42 INFO  - jmeter.threads.JMeterThread: Thread finished: ThreadGroup 1-9 
2016/09/07 18:02:42 INFO  - jmeter.threads.JMeterThread: Thread finished: ThreadGroup 1-8 
2016/09/07 18:02:42 INFO  - jmeter.threads.JMeterThread: Thread finished: ThreadGroup 1-10 
2016/09/07 18:02:42 INFO  - jmeter.threads.JMeterThread: Thread started: ThreadGroup 1-14 
2016/09/07 18:02:42 INFO  - jmeter.threads.JMeterThread: Thread started: ThreadGroup 1-15 
2016/09/07 18:02:42 INFO  - jmeter.threads.JMeterThread: Thread started: ThreadGroup 1-11 
2016/09/07 18:02:42 INFO  - jmeter.threads.JMeterThread: Thread started: ThreadGroup 1-13 
2016/09/07 18:02:42 INFO  - jmeter.threads.JMeterThread: Thread finished: ThreadGroup 1-13 
2016/09/07 18:02:42 INFO  - jmeter.threads.JMeterThread: Thread started: ThreadGroup 1-12 
2016/09/07 18:02:42 INFO  - jmeter.threads.JMeterThread: Thread finished: ThreadGroup 1-11 
2016/09/07 18:02:42 INFO  - jmeter.threads.JMeterThread: Thread finished: ThreadGroup 1-15 
2016/09/07 18:02:42 INFO  - jmeter.threads.JMeterThread: Thread finished: ThreadGroup 1-14 
2016/09/07 18:02:42 INFO  - jmeter.threads.JMeterThread: Thread finished: ThreadGroup 1-12 
2016/09/07 18:02:42 INFO  - jmeter.threads.JMeterThread: Thread started: ThreadGroup 1-16 
2016/09/07 18:02:42 INFO  - jmeter.threads.JMeterThread: Thread finished: ThreadGroup 1-16 
2016/09/07 18:02:42 INFO  - jmeter.threads.JMeterThread: Thread started: ThreadGroup 1-17 
2016/09/07 18:02:42 INFO  - jmeter.threads.JMeterThread: Thread finished: ThreadGroup 1-17 
2016/09/07 18:02:42 INFO  - jmeter.threads.JMeterThread: Thread started: ThreadGroup 1-18 
2016/09/07 18:02:42 INFO  - jmeter.threads.JMeterThread: Thread started: ThreadGroup 1-19 
2016/09/07 18:02:42 INFO  - jmeter.threads.JMeterThread: Thread finished: ThreadGroup 1-18 
2016/09/07 18:02:42 INFO  - jmeter.threads.JMeterThread: Thread finished: ThreadGroup 1-19 
2016/09/07 18:02:42 INFO  - jmeter.threads.JMeterThread: Thread started: ThreadGroup 1-21 
2016/09/07 18:02:42 INFO  - jmeter.threads.JMeterThread: Thread started: ThreadGroup 1-24 
2016/09/07 18:02:42 INFO  - jmeter.threads.JMeterThread: Thread started: ThreadGroup 1-30 
2016/09/07 18:02:42 INFO  - jmeter.threads.JMeterThread: Thread started: ThreadGroup 1-23 
2016/09/07 18:02:42 INFO  - jmeter.threads.JMeterThread: Thread started: ThreadGroup 1-22 
2016/09/07 18:02:42 INFO  - jmeter.threads.JMeterThread: Thread started: ThreadGroup 1-20 
2016/09/07 18:02:42 INFO  - jmeter.threads.JMeterThread: Thread finished: ThreadGroup 1-20 
2016/09/07 18:02:42 INFO  - jmeter.threads.JMeterThread: Thread finished: ThreadGroup 1-22 
2016/09/07 18:02:42 INFO  - jmeter.threads.JMeterThread: Thread finished: ThreadGroup 1-23 
2016/09/07 18:02:42 INFO  - jmeter.threads.JMeterThread: Thread finished: ThreadGroup 1-30 
2016/09/07 18:02:42 INFO  - jmeter.threads.JMeterThread: Thread finished: ThreadGroup 1-24 
2016/09/07 18:02:42 INFO  - jmeter.threads.JMeterThread: Thread started: ThreadGroup 1-31 
2016/09/07 18:02:42 INFO  - jmeter.threads.JMeterThread: Thread started: ThreadGroup 1-29 
2016/09/07 18:02:42 INFO  - jmeter.threads.JMeterThread: Thread started: ThreadGroup 1-28 
2016/09/07 18:02:42 INFO  - jmeter.threads.JMeterThread: Thread started: ThreadGroup 1-27 
2016/09/07 18:02:42 INFO  - jmeter.threads.JMeterThread: Thread started: ThreadGroup 1-26 
2016/09/07 18:02:42 INFO  - jmeter.threads.JMeterThread: Thread finished: ThreadGroup 1-21 
2016/09/07 18:02:42 INFO  - jmeter.threads.JMeterThread: Thread started: ThreadGroup 1-25 
2016/09/07 18:02:42 INFO  - jmeter.threads.JMeterThread: Thread finished: ThreadGroup 1-26 
2016/09/07 18:02:42 INFO  - jmeter.threads.JMeterThread: Thread finished: ThreadGroup 1-27 
2016/09/07 18:02:42 INFO  - jmeter.threads.JMeterThread: Thread finished: ThreadGroup 1-28 
2016/09/07 18:02:42 INFO  - jmeter.threads.JMeterThread: Thread finished: ThreadGroup 1-29 
2016/09/07 18:02:42 INFO  - jmeter.threads.JMeterThread: Thread finished: ThreadGroup 1-31 
2016/09/07 18:02:42 INFO  - jmeter.threads.JMeterThread: Thread started: ThreadGroup 1-32 
2016/09/07 18:02:42 INFO  - jmeter.threads.JMeterThread: Thread finished: ThreadGroup 1-32 
2016/09/07 18:02:42 INFO  - jmeter.threads.JMeterThread: Thread finished: ThreadGroup 1-25 
2016/09/07 18:02:42 INFO  - jmeter.threads.JMeterThread: Thread started: ThreadGroup 1-33 
2016/09/07 18:02:42 INFO  - jmeter.threads.JMeterThread: Thread finished: ThreadGroup 1-33 
2016/09/07 18:02:42 INFO  - jmeter.threads.JMeterThread: Thread started: ThreadGroup 1-35 
2016/09/07 18:02:42 INFO  - jmeter.threads.JMeterThread: Thread started: ThreadGroup 1-34 
2016/09/07 18:02:42 INFO  - jmeter.threads.JMeterThread: Thread started: ThreadGroup 1-36 
2016/09/07 18:02:42 INFO  - jmeter.threads.JMeterThread: Thread started: ThreadGroup 1-37 
2016/09/07 18:02:42 INFO  - jmeter.threads.JMeterThread: Thread started: ThreadGroup 1-38 
2016/09/07 18:02:42 INFO  - jmeter.threads.JMeterThread: Thread finished: ThreadGroup 1-37 
2016/09/07 18:02:42 INFO  - jmeter.threads.JMeterThread: Thread finished: ThreadGroup 1-36 
2016/09/07 18:02:42 INFO  - jmeter.threads.JMeterThread: Thread finished: ThreadGroup 1-34 
2016/09/07 18:02:42 INFO  - jmeter.threads.JMeterThread: Thread finished: ThreadGroup 1-35 
2016/09/07 18:02:42 INFO  - jmeter.threads.JMeterThread: Thread finished: ThreadGroup 1-38 
2016/09/07 18:02:42 INFO  - jmeter.threads.JMeterThread: Thread started: ThreadGroup 1-39 
2016/09/07 18:02:42 INFO  - jmeter.threads.JMeterThread: Thread finished: ThreadGroup 1-39 
2016/09/07 18:02:42 INFO  - jmeter.threads.JMeterThread: Thread started: ThreadGroup 1-40 
2016/09/07 18:02:42 INFO  - jmeter.threads.JMeterThread: Thread started: ThreadGroup 1-46 
2016/09/07 18:02:42 INFO  - jmeter.threads.JMeterThread: Thread started: ThreadGroup 1-50 
2016/09/07 18:02:42 INFO  - jmeter.threads.JMeterThread: Thread started: ThreadGroup 1-49 
2016/09/07 18:02:42 INFO  - jmeter.threads.JMeterThread: Thread started: ThreadGroup 1-48 
2016/09/07 18:02:42 INFO  - jmeter.threads.JMeterThread: Thread started: ThreadGroup 1-45 
2016/09/07 18:02:42 INFO  - jmeter.threads.JMeterThread: Thread started: ThreadGroup 1-47 
2016/09/07 18:02:42 INFO  - jmeter.threads.JMeterThread: Thread started: ThreadGroup 1-44 
2016/09/07 18:02:42 INFO  - jmeter.threads.JMeterThread: Thread started: ThreadGroup 1-43 
2016/09/07 18:02:42 INFO  - jmeter.threads.JMeterThread: Thread started: ThreadGroup 1-41 
2016/09/07 18:02:42 INFO  - jmeter.threads.JMeterThread: Thread started: ThreadGroup 1-42 
2016/09/07 18:02:42 INFO  - jmeter.threads.JMeterThread: Thread finished: ThreadGroup 1-41 
2016/09/07 18:02:42 INFO  - jmeter.threads.JMeterThread: Thread finished: ThreadGroup 1-43 
2016/09/07 18:02:42 INFO  - jmeter.threads.JMeterThread: Thread finished: ThreadGroup 1-44 
2016/09/07 18:02:42 INFO  - jmeter.threads.JMeterThread: Thread finished: ThreadGroup 1-47 
2016/09/07 18:02:42 INFO  - jmeter.threads.JMeterThread: Thread finished: ThreadGroup 1-45 
2016/09/07 18:02:42 INFO  - jmeter.threads.JMeterThread: Thread started: ThreadGroup 1-57 
2016/09/07 18:02:42 INFO  - jmeter.threads.JMeterThread: Thread finished: ThreadGroup 1-48 
2016/09/07 18:02:42 INFO  - jmeter.threads.JMeterThread: Thread finished: ThreadGroup 1-49 
2016/09/07 18:02:42 INFO  - jmeter.threads.JMeterThread: Thread started: ThreadGroup 1-55 
2016/09/07 18:02:42 INFO  - jmeter.threads.JMeterThread: Thread finished: ThreadGroup 1-50 
2016/09/07 18:02:42 INFO  - jmeter.threads.JMeterThread: Thread started: ThreadGroup 1-56 
2016/09/07 18:02:42 INFO  - jmeter.threads.JMeterThread: Thread started: ThreadGroup 1-52 
2016/09/07 18:02:42 INFO  - jmeter.threads.JMeterThread: Thread started: ThreadGroup 1-53 
2016/09/07 18:02:42 INFO  - jmeter.threads.JMeterThread: Thread started: ThreadGroup 1-54 
2016/09/07 18:02:42 INFO  - jmeter.threads.JMeterThread: Thread finished: ThreadGroup 1-46 
2016/09/07 18:02:42 INFO  - jmeter.threads.JMeterThread: Thread started: ThreadGroup 1-51 
2016/09/07 18:02:42 INFO  - jmeter.threads.JMeterThread: Thread started: ThreadGroup 1-59 
2016/09/07 18:02:42 INFO  - jmeter.threads.JMeterThread: Thread finished: ThreadGroup 1-40 
2016/09/07 18:02:42 INFO  - jmeter.threads.JMeterThread: Thread finished: ThreadGroup 1-59 
2016/09/07 18:02:42 INFO  - jmeter.threads.JMeterThread: Thread started: ThreadGroup 1-60 
2016/09/07 18:02:42 INFO  - jmeter.threads.JMeterThread: Thread finished: ThreadGroup 1-51 
2016/09/07 18:02:42 INFO  - jmeter.threads.JMeterThread: Thread finished: ThreadGroup 1-54 
2016/09/07 18:02:42 INFO  - jmeter.threads.JMeterThread: Thread finished: ThreadGroup 1-53 
2016/09/07 18:02:42 INFO  - jmeter.threads.JMeterThread: Thread finished: ThreadGroup 1-52 
2016/09/07 18:02:42 INFO  - jmeter.threads.JMeterThread: Thread finished: ThreadGroup 1-56 
2016/09/07 18:02:42 INFO  - jmeter.threads.JMeterThread: Thread finished: ThreadGroup 1-55 
2016/09/07 18:02:42 INFO  - jmeter.threads.JMeterThread: Thread started: ThreadGroup 1-58 
2016/09/07 18:02:42 INFO  - jmeter.threads.JMeterThread: Thread finished: ThreadGroup 1-57 
2016/09/07 18:02:42 INFO  - jmeter.threads.JMeterThread: Thread finished: ThreadGroup 1-42 
2016/09/07 18:02:42 INFO  - jmeter.threads.JMeterThread: Thread finished: ThreadGroup 1-58 
2016/09/07 18:02:42 INFO  - jmeter.threads.JMeterThread: Thread started: ThreadGroup 1-61 
2016/09/07 18:02:42 INFO  - jmeter.threads.JMeterThread: Thread finished: ThreadGroup 1-60 
2016/09/07 18:02:42 INFO  - jmeter.threads.JMeterThread: Thread finished: ThreadGroup 1-61 
2016/09/07 18:02:42 INFO  - jmeter.threads.JMeterThread: Thread started: ThreadGroup 1-63 
2016/09/07 18:02:42 INFO  - jmeter.threads.JMeterThread: Thread started: ThreadGroup 1-62 
2016/09/07 18:02:42 INFO  - jmeter.threads.JMeterThread: Thread finished: ThreadGroup 1-63 
2016/09/07 18:02:42 INFO  - jmeter.threads.JMeterThread: Thread finished: ThreadGroup 1-62 
2016/09/07 18:02:42 INFO  - jmeter.threads.JMeterThread: Thread started: ThreadGroup 1-65 
2016/09/07 18:02:42 INFO  - jmeter.threads.JMeterThread: Thread started: ThreadGroup 1-64 
2016/09/07 18:02:42 INFO  - jmeter.threads.JMeterThread: Thread started: ThreadGroup 1-69 
2016/09/07 18:02:42 INFO  - jmeter.threads.JMeterThread: Thread started: ThreadGroup 1-66 
2016/09/07 18:02:42 INFO  - jmeter.threads.JMeterThread: Thread started: ThreadGroup 1-67 
2016/09/07 18:02:42 INFO  - jmeter.threads.JMeterThread: Thread started: ThreadGroup 1-68 
2016/09/07 18:02:42 INFO  - jmeter.threads.JMeterThread: Thread finished: ThreadGroup 1-67 
2016/09/07 18:02:42 INFO  - jmeter.threads.JMeterThread: Thread finished: ThreadGroup 1-66 
2016/09/07 18:02:42 INFO  - jmeter.threads.JMeterThread: Thread finished: ThreadGroup 1-69 
2016/09/07 18:02:42 INFO  - jmeter.threads.JMeterThread: Thread started: ThreadGroup 1-70 
2016/09/07 18:02:42 INFO  - jmeter.threads.JMeterThread: Thread started: ThreadGroup 1-72 
2016/09/07 18:02:42 INFO  - jmeter.threads.JMeterThread: Thread finished: ThreadGroup 1-64 
2016/09/07 18:02:42 INFO  - jmeter.threads.JMeterThread: Thread finished: ThreadGroup 1-65 
2016/09/07 18:02:42 INFO  - jmeter.threads.JMeterThread: Thread finished: ThreadGroup 1-72 
2016/09/07 18:02:42 INFO  - jmeter.threads.JMeterThread: Thread finished: ThreadGroup 1-70 
2016/09/07 18:02:42 INFO  - jmeter.threads.JMeterThread: Thread started: ThreadGroup 1-71 
2016/09/07 18:02:42 INFO  - jmeter.threads.JMeterThread: Thread finished: ThreadGroup 1-68 
2016/09/07 18:02:42 INFO  - jmeter.threads.JMeterThread: Thread finished: ThreadGroup 1-71 
2016/09/07 18:02:42 INFO  - jmeter.threads.JMeterThread: Thread started: ThreadGroup 1-73 
2016/09/07 18:02:42 INFO  - jmeter.threads.JMeterThread: Thread finished: ThreadGroup 1-73 
2016/09/07 18:02:42 INFO  - jmeter.threads.JMeterThread: Thread started: ThreadGroup 1-75 
2016/09/07 18:02:42 INFO  - jmeter.threads.JMeterThread: Thread started: ThreadGroup 1-76 
2016/09/07 18:02:42 INFO  - jmeter.threads.JMeterThread: Thread started: ThreadGroup 1-74 
2016/09/07 18:02:42 INFO  - jmeter.threads.JMeterThread: Thread finished: ThreadGroup 1-76 
2016/09/07 18:02:42 INFO  - jmeter.threads.JMeterThread: Thread finished: ThreadGroup 1-75 
2016/09/07 18:02:42 INFO  - jmeter.threads.JMeterThread: Thread finished: ThreadGroup 1-74 
2016/09/07 18:02:42 INFO  - jmeter.threads.JMeterThread: Thread started: ThreadGroup 1-77 
2016/09/07 18:02:42 INFO  - jmeter.threads.JMeterThread: Thread started: ThreadGroup 1-80 
2016/09/07 18:02:42 INFO  - jmeter.threads.JMeterThread: Thread started: ThreadGroup 1-81 
2016/09/07 18:02:42 INFO  - jmeter.threads.JMeterThread: Thread started: ThreadGroup 1-82 
2016/09/07 18:02:42 INFO  - jmeter.threads.JMeterThread: Thread started: ThreadGroup 1-78 
2016/09/07 18:02:42 INFO  - jmeter.threads.JMeterThread: Thread finished: ThreadGroup 1-82 
2016/09/07 18:02:42 INFO  - jmeter.threads.JMeterThread: Thread finished: ThreadGroup 1-81 
2016/09/07 18:02:42 INFO  - jmeter.threads.JMeterThread: Thread finished: ThreadGroup 1-80 
2016/09/07 18:02:42 INFO  - jmeter.threads.JMeterThread: Thread finished: ThreadGroup 1-77 
2016/09/07 18:02:42 INFO  - jmeter.threads.JMeterThread: Thread finished: ThreadGroup 1-78 
2016/09/07 18:02:42 INFO  - jmeter.threads.JMeterThread: Thread started: ThreadGroup 1-79 
2016/09/07 18:02:42 INFO  - jmeter.threads.JMeterThread: Thread finished: ThreadGroup 1-79 
2016/09/07 18:02:42 INFO  - jmeter.threads.JMeterThread: Thread started: ThreadGroup 1-83 
2016/09/07 18:02:42 INFO  - jmeter.threads.JMeterThread: Thread finished: ThreadGroup 1-83 
2016/09/07 18:02:42 INFO  - jmeter.threads.JMeterThread: Thread started: ThreadGroup 1-85 
2016/09/07 18:02:42 INFO  - jmeter.threads.JMeterThread: Thread started: ThreadGroup 1-94 
2016/09/07 18:02:42 INFO  - jmeter.threads.JMeterThread: Thread finished: ThreadGroup 1-94 
2016/09/07 18:02:42 INFO  - jmeter.threads.JMeterThread: Thread started: ThreadGroup 1-93 
2016/09/07 18:02:42 INFO  - jmeter.threads.JMeterThread: Thread started: ThreadGroup 1-92 
2016/09/07 18:02:42 INFO  - jmeter.threads.JMeterThread: Thread started: ThreadGroup 1-95 
2016/09/07 18:02:42 INFO  - jmeter.threads.JMeterThread: Thread started: ThreadGroup 1-84 
2016/09/07 18:02:42 INFO  - jmeter.threads.JMeterThread: Thread finished: ThreadGroup 1-84 
2016/09/07 18:02:42 INFO  - jmeter.threads.JMeterThread: Thread started: ThreadGroup 1-91 
2016/09/07 18:02:42 INFO  - jmeter.threads.JMeterThread: Thread started: ThreadGroup 1-86 
2016/09/07 18:02:42 INFO  - jmeter.threads.JMeterThread: Thread started: ThreadGroup 1-89 
2016/09/07 18:02:42 INFO  - jmeter.threads.JMeterThread: Thread started: ThreadGroup 1-88 
2016/09/07 18:02:42 INFO  - jmeter.threads.JMeterThread: Thread started: ThreadGroup 1-87 
2016/09/07 18:02:42 INFO  - jmeter.threads.JMeterThread: Thread started: ThreadGroup 1-90 
2016/09/07 18:02:42 INFO  - jmeter.threads.JMeterThread: Thread finished: ThreadGroup 1-87 
2016/09/07 18:02:42 INFO  - jmeter.threads.JMeterThread: Thread finished: ThreadGroup 1-88 
2016/09/07 18:02:42 INFO  - jmeter.threads.JMeterThread: Thread finished: ThreadGroup 1-89 
2016/09/07 18:02:42 INFO  - jmeter.threads.JMeterThread: Thread finished: ThreadGroup 1-86 
2016/09/07 18:02:42 INFO  - jmeter.threads.JMeterThread: Thread finished: ThreadGroup 1-91 
2016/09/07 18:02:42 INFO  - jmeter.threads.JMeterThread: Thread finished: ThreadGroup 1-95 
2016/09/07 18:02:42 INFO  - jmeter.threads.JMeterThread: Thread finished: ThreadGroup 1-92 
2016/09/07 18:02:42 INFO  - jmeter.threads.JMeterThread: Thread finished: ThreadGroup 1-93 
2016/09/07 18:02:42 INFO  - jmeter.threads.JMeterThread: Thread finished: ThreadGroup 1-85 
2016/09/07 18:02:42 INFO  - jmeter.threads.JMeterThread: Thread finished: ThreadGroup 1-90 
2016/09/07 18:02:42 INFO  - jmeter.threads.JMeterThread: Thread started: ThreadGroup 1-96 
2016/09/07 18:02:42 INFO  - jmeter.threads.JMeterThread: Thread started: ThreadGroup 1-97 
2016/09/07 18:02:42 INFO  - jmeter.threads.JMeterThread: Thread finished: ThreadGroup 1-96 
2016/09/07 18:02:42 INFO  - jmeter.threads.JMeterThread: Thread started: ThreadGroup 1-99 
2016/09/07 18:02:42 INFO  - jmeter.threads.JMeterThread: Thread started: ThreadGroup 1-98 
2016/09/07 18:02:42 INFO  - jmeter.threads.JMeterThread: Thread finished: ThreadGroup 1-97 
2016/09/07 18:02:42 INFO  - jmeter.threads.JMeterThread: Thread finished: ThreadGroup 1-98 
2016/09/07 18:02:42 INFO  - jmeter.threads.JMeterThread: Thread finished: ThreadGroup 1-99 
2016/09/07 18:02:42 INFO  - jmeter.threads.JMeterThread: Thread started: ThreadGroup 1-100 
2016/09/07 18:02:42 INFO  - jmeter.threads.JMeterThread: Thread finished: ThreadGroup 1-100 
2016/09/07 18:02:42 INFO  - jmeter.threads.JMeterThread: Thread started: ThreadGroup 1-103 
2016/09/07 18:02:42 INFO  - jmeter.threads.JMeterThread: Thread started: ThreadGroup 1-105 
2016/09/07 18:02:42 INFO  - jmeter.threads.JMeterThread: Thread started: ThreadGroup 1-106 
2016/09/07 18:02:42 INFO  - jmeter.threads.JMeterThread: Thread started: ThreadGroup 1-111 
2016/09/07 18:02:42 INFO  - jmeter.threads.JMeterThread: Thread started: ThreadGroup 1-104 
2016/09/07 18:02:42 INFO  - jmeter.threads.JMeterThread: Thread started: ThreadGroup 1-102 
2016/09/07 18:02:42 INFO  - jmeter.threads.JMeterThread: Thread started: ThreadGroup 1-101 
2016/09/07 18:02:42 INFO  - jmeter.threads.JMeterThread: Thread finished: ThreadGroup 1-102 
2016/09/07 18:02:42 INFO  - jmeter.threads.JMeterThread: Thread finished: ThreadGroup 1-104 
2016/09/07 18:02:42 INFO  - jmeter.threads.JMeterThread: Thread started: ThreadGroup 1-114 
2016/09/07 18:02:42 INFO  - jmeter.threads.JMeterThread: Thread started: ThreadGroup 1-113 
2016/09/07 18:02:42 INFO  - jmeter.threads.JMeterThread: Thread finished: ThreadGroup 1-111 
2016/09/07 18:02:42 INFO  - jmeter.threads.JMeterThread: Thread finished: ThreadGroup 1-106 
2016/09/07 18:02:42 INFO  - jmeter.threads.JMeterThread: Thread started: ThreadGroup 1-112 
2016/09/07 18:02:42 INFO  - jmeter.threads.JMeterThread: Thread started: ThreadGroup 1-109 
2016/09/07 18:02:42 INFO  - jmeter.threads.JMeterThread: Thread started: ThreadGroup 1-110 
2016/09/07 18:02:42 INFO  - jmeter.threads.JMeterThread: Thread finished: ThreadGroup 1-105 
2016/09/07 18:02:42 INFO  - jmeter.threads.JMeterThread: Thread started: ThreadGroup 1-108 
2016/09/07 18:02:42 INFO  - jmeter.threads.JMeterThread: Thread started: ThreadGroup 1-107 
2016/09/07 18:02:42 INFO  - jmeter.threads.JMeterThread: Thread finished: ThreadGroup 1-103 
2016/09/07 18:02:42 INFO  - jmeter.threads.JMeterThread: Thread finished: ThreadGroup 1-107 
2016/09/07 18:02:42 INFO  - jmeter.threads.JMeterThread: Thread finished: ThreadGroup 1-108 
2016/09/07 18:02:42 INFO  - jmeter.threads.JMeterThread: Thread finished: ThreadGroup 1-110 
2016/09/07 18:02:42 INFO  - jmeter.threads.JMeterThread: Thread finished: ThreadGroup 1-109 
2016/09/07 18:02:42 INFO  - jmeter.threads.JMeterThread: Thread finished: ThreadGroup 1-112 
2016/09/07 18:02:42 INFO  - jmeter.threads.JMeterThread: Thread finished: ThreadGroup 1-113 
2016/09/07 18:02:42 INFO  - jmeter.threads.JMeterThread: Thread finished: ThreadGroup 1-114 
2016/09/07 18:02:42 INFO  - jmeter.threads.JMeterThread: Thread finished: ThreadGroup 1-101 
2016/09/07 18:02:42 INFO  - jmeter.threads.JMeterThread: Thread started: ThreadGroup 1-115 
2016/09/07 18:02:42 INFO  - jmeter.threads.JMeterThread: Thread started: ThreadGroup 1-121 
2016/09/07 18:02:42 INFO  - jmeter.threads.JMeterThread: Thread finished: ThreadGroup 1-121 
2016/09/07 18:02:42 INFO  - jmeter.threads.JMeterThread: Thread started: ThreadGroup 1-124 
2016/09/07 18:02:42 INFO  - jmeter.threads.JMeterThread: Thread started: ThreadGroup 1-120 
2016/09/07 18:02:42 INFO  - jmeter.threads.JMeterThread: Thread started: ThreadGroup 1-117 
2016/09/07 18:02:42 INFO  - jmeter.threads.JMeterThread: Thread started: ThreadGroup 1-116 
2016/09/07 18:02:42 INFO  - jmeter.threads.JMeterThread: Thread finished: ThreadGroup 1-117 
2016/09/07 18:02:42 INFO  - jmeter.threads.JMeterThread: Thread finished: ThreadGroup 1-120 
2016/09/07 18:02:42 INFO  - jmeter.threads.JMeterThread: Thread finished: ThreadGroup 1-124 
2016/09/07 18:02:42 INFO  - jmeter.threads.JMeterThread: Thread started: ThreadGroup 1-123 
2016/09/07 18:02:42 INFO  - jmeter.threads.JMeterThread: Thread finished: ThreadGroup 1-115 
2016/09/07 18:02:42 INFO  - jmeter.threads.JMeterThread: Thread started: ThreadGroup 1-122 
2016/09/07 18:02:42 INFO  - jmeter.threads.JMeterThread: Thread started: ThreadGroup 1-118 
2016/09/07 18:02:42 INFO  - jmeter.threads.JMeterThread: Thread started: ThreadGroup 1-119 
2016/09/07 18:02:42 INFO  - jmeter.threads.JMeterThread: Thread finished: ThreadGroup 1-118 
2016/09/07 18:02:42 INFO  - jmeter.threads.JMeterThread: Thread finished: ThreadGroup 1-122 
2016/09/07 18:02:42 INFO  - jmeter.threads.JMeterThread: Thread finished: ThreadGroup 1-123 
2016/09/07 18:02:42 INFO  - jmeter.threads.JMeterThread: Thread finished: ThreadGroup 1-116 
2016/09/07 18:02:42 INFO  - jmeter.threads.JMeterThread: Thread finished: ThreadGroup 1-119 
2016/09/07 18:02:42 INFO  - jmeter.threads.JMeterThread: Thread started: ThreadGroup 1-126 
2016/09/07 18:02:42 INFO  - jmeter.threads.JMeterThread: Thread started: ThreadGroup 1-128 
2016/09/07 18:02:42 INFO  - jmeter.threads.JMeterThread: Thread started: ThreadGroup 1-125 
2016/09/07 18:02:42 INFO  - jmeter.threads.JMeterThread: Thread started: ThreadGroup 1-127 
2016/09/07 18:02:42 INFO  - jmeter.threads.JMeterThread: Thread finished: ThreadGroup 1-125 
2016/09/07 18:02:42 INFO  - jmeter.threads.JMeterThread: Thread finished: ThreadGroup 1-128 
2016/09/07 18:02:42 INFO  - jmeter.threads.JMeterThread: Thread finished: ThreadGroup 1-126 
2016/09/07 18:02:42 INFO  - jmeter.threads.JMeterThread: Thread finished: ThreadGroup 1-127 
2016/09/07 18:02:42 INFO  - jmeter.threads.JMeterThread: Thread started: ThreadGroup 1-132 
2016/09/07 18:02:42 INFO  - jmeter.threads.JMeterThread: Thread started: ThreadGroup 1-135 
2016/09/07 18:02:42 INFO  - jmeter.threads.JMeterThread: Thread started: ThreadGroup 1-131 
2016/09/07 18:02:42 INFO  - jmeter.threads.JMeterThread: Thread started: ThreadGroup 1-133 
2016/09/07 18:02:42 INFO  - jmeter.threads.JMeterThread: Thread started: ThreadGroup 1-139 
2016/09/07 18:02:42 INFO  - jmeter.threads.JMeterThread: Thread started: ThreadGroup 1-134 
2016/09/07 18:02:42 INFO  - jmeter.threads.JMeterThread: Thread started: ThreadGroup 1-130 
2016/09/07 18:02:42 INFO  - jmeter.threads.JMeterThread: Thread started: ThreadGroup 1-129 
2016/09/07 18:02:42 INFO  - jmeter.threads.JMeterThread: Thread finished: ThreadGroup 1-130 
2016/09/07 18:02:42 INFO  - jmeter.threads.JMeterThread: Thread finished: ThreadGroup 1-134 
2016/09/07 18:02:42 INFO  - jmeter.threads.JMeterThread: Thread finished: ThreadGroup 1-139 
2016/09/07 18:02:42 INFO  - jmeter.threads.JMeterThread: Thread finished: ThreadGroup 1-133 
2016/09/07 18:02:42 INFO  - jmeter.threads.JMeterThread: Thread started: ThreadGroup 1-140 
2016/09/07 18:02:42 INFO  - jmeter.threads.JMeterThread: Thread started: ThreadGroup 1-138 
2016/09/07 18:02:42 INFO  - jmeter.threads.JMeterThread: Thread started: ThreadGroup 1-137 
2016/09/07 18:02:42 INFO  - jmeter.threads.JMeterThread: Thread started: ThreadGroup 1-136 
2016/09/07 18:02:42 INFO  - jmeter.threads.JMeterThread: Thread finished: ThreadGroup 1-136 
2016/09/07 18:02:42 INFO  - jmeter.threads.JMeterThread: Thread finished: ThreadGroup 1-131 
2016/09/07 18:02:42 INFO  - jmeter.threads.JMeterThread: Thread finished: ThreadGroup 1-135 
2016/09/07 18:02:42 INFO  - jmeter.threads.JMeterThread: Thread finished: ThreadGroup 1-132 
2016/09/07 18:02:42 INFO  - jmeter.threads.JMeterThread: Thread finished: ThreadGroup 1-137 
2016/09/07 18:02:42 INFO  - jmeter.threads.JMeterThread: Thread finished: ThreadGroup 1-138 
2016/09/07 18:02:42 INFO  - jmeter.threads.JMeterThread: Thread finished: ThreadGroup 1-140 
2016/09/07 18:02:42 INFO  - jmeter.threads.JMeterThread: Thread finished: ThreadGroup 1-129 
2016/09/07 18:02:42 INFO  - jmeter.threads.JMeterThread: Thread started: ThreadGroup 1-141 
2016/09/07 18:02:42 INFO  - jmeter.threads.JMeterThread: Thread finished: ThreadGroup 1-141 
2016/09/07 18:02:42 INFO  - jmeter.threads.JMeterThread: Thread started: ThreadGroup 1-142 
2016/09/07 18:02:42 INFO  - jmeter.threads.JMeterThread: Thread finished: ThreadGroup 1-142 
2016/09/07 18:02:42 INFO  - jmeter.threads.JMeterThread: Thread started: ThreadGroup 1-143 
2016/09/07 18:02:42 INFO  - jmeter.threads.JMeterThread: Thread finished: ThreadGroup 1-143 
2016/09/07 18:02:42 INFO  - jmeter.threads.JMeterThread: Thread started: ThreadGroup 1-145 
2016/09/07 18:02:42 INFO  - jmeter.threads.JMeterThread: Thread started: ThreadGroup 1-146 
2016/09/07 18:02:42 INFO  - jmeter.threads.JMeterThread: Thread started: ThreadGroup 1-144 
2016/09/07 18:02:42 INFO  - jmeter.threads.JMeterThread: Thread finished: ThreadGroup 1-146 
2016/09/07 18:02:42 INFO  - jmeter.threads.JMeterThread: Thread finished: ThreadGroup 1-145 
2016/09/07 18:02:42 INFO  - jmeter.threads.JMeterThread: Thread finished: ThreadGroup 1-144 
2016/09/07 18:02:42 INFO  - jmeter.threads.JMeterThread: Thread started: ThreadGroup 1-148 
2016/09/07 18:02:42 INFO  - jmeter.threads.JMeterThread: Thread started: ThreadGroup 1-156 
2016/09/07 18:02:42 INFO  - jmeter.threads.JMeterThread: Thread started: ThreadGroup 1-154 
2016/09/07 18:02:42 INFO  - jmeter.threads.JMeterThread: Thread started: ThreadGroup 1-153 
2016/09/07 18:02:42 INFO  - jmeter.threads.JMeterThread: Thread started: ThreadGroup 1-149 
2016/09/07 18:02:42 INFO  - jmeter.threads.JMeterThread: Thread started: ThreadGroup 1-147 
2016/09/07 18:02:42 INFO  - jmeter.threads.JMeterThread: Thread started: ThreadGroup 1-151 
2016/09/07 18:02:42 INFO  - jmeter.threads.JMeterThread: Thread started: ThreadGroup 1-150 
2016/09/07 18:02:42 INFO  - jmeter.threads.JMeterThread: Thread started: ThreadGroup 1-152 
2016/09/07 18:02:42 INFO  - jmeter.threads.JMeterThread: Thread finished: ThreadGroup 1-150 
2016/09/07 18:02:42 INFO  - jmeter.threads.JMeterThread: Thread finished: ThreadGroup 1-151 
2016/09/07 18:02:42 INFO  - jmeter.threads.JMeterThread: Thread finished: ThreadGroup 1-147 
2016/09/07 18:02:42 INFO  - jmeter.threads.JMeterThread: Thread finished: ThreadGroup 1-149 
2016/09/07 18:02:42 INFO  - jmeter.threads.JMeterThread: Thread finished: ThreadGroup 1-153 
2016/09/07 18:02:42 INFO  - jmeter.threads.JMeterThread: Thread finished: ThreadGroup 1-154 
2016/09/07 18:02:42 INFO  - jmeter.threads.JMeterThread: Thread finished: ThreadGroup 1-156 
2016/09/07 18:02:42 INFO  - jmeter.threads.JMeterThread: Thread finished: ThreadGroup 1-148 
2016/09/07 18:02:42 INFO  - jmeter.threads.JMeterThread: Thread started: ThreadGroup 1-155 
2016/09/07 18:02:42 INFO  - jmeter.threads.JMeterThread: Thread finished: ThreadGroup 1-152 
2016/09/07 18:02:42 INFO  - jmeter.threads.JMeterThread: Thread finished: ThreadGroup 1-155 
2016/09/07 18:02:42 INFO  - jmeter.threads.JMeterThread: Thread started: ThreadGroup 1-158 
2016/09/07 18:02:42 INFO  - jmeter.threads.JMeterThread: Thread started: ThreadGroup 1-159 
2016/09/07 18:02:42 INFO  - jmeter.threads.JMeterThread: Thread started: ThreadGroup 1-157 
2016/09/07 18:02:42 INFO  - jmeter.threads.JMeterThread: Thread started: ThreadGroup 1-161 
2016/09/07 18:02:42 INFO  - jmeter.threads.JMeterThread: Thread started: ThreadGroup 1-162 
2016/09/07 18:02:42 INFO  - jmeter.threads.JMeterThread: Thread started: ThreadGroup 1-163 
2016/09/07 18:02:42 INFO  - jmeter.threads.JMeterThread: Thread started: ThreadGroup 1-160 
2016/09/07 18:02:42 INFO  - jmeter.threads.JMeterThread: Thread finished: ThreadGroup 1-163 
2016/09/07 18:02:42 INFO  - jmeter.threads.JMeterThread: Thread finished: ThreadGroup 1-162 
2016/09/07 18:02:42 INFO  - jmeter.threads.JMeterThread: Thread finished: ThreadGroup 1-161 
2016/09/07 18:02:42 INFO  - jmeter.threads.JMeterThread: Thread finished: ThreadGroup 1-157 
2016/09/07 18:02:42 INFO  - jmeter.threads.JMeterThread: Thread finished: ThreadGroup 1-159 
2016/09/07 18:02:42 INFO  - jmeter.threads.JMeterThread: Thread finished: ThreadGroup 1-158 
2016/09/07 18:02:42 INFO  - jmeter.threads.JMeterThread: Thread finished: ThreadGroup 1-160 
2016/09/07 18:02:42 INFO  - jmeter.threads.JMeterThread: Thread started: ThreadGroup 1-164 
2016/09/07 18:02:42 INFO  - jmeter.threads.JMeterThread: Thread finished: ThreadGroup 1-164 
2016/09/07 18:02:42 INFO  - jmeter.threads.JMeterThread: Thread started: ThreadGroup 1-165 
2016/09/07 18:02:42 INFO  - jmeter.threads.JMeterThread: Thread finished: ThreadGroup 1-165 
2016/09/07 18:02:42 INFO  - jmeter.threads.JMeterThread: Thread started: ThreadGroup 1-167 
2016/09/07 18:02:42 INFO  - jmeter.threads.JMeterThread: Thread started: ThreadGroup 1-166 
2016/09/07 18:02:42 INFO  - jmeter.threads.JMeterThread: Thread finished: ThreadGroup 1-167 
2016/09/07 18:02:42 INFO  - jmeter.threads.JMeterThread: Thread finished: ThreadGroup 1-166 
2016/09/07 18:02:42 INFO  - jmeter.threads.JMeterThread: Thread started: ThreadGroup 1-168 
2016/09/07 18:02:42 INFO  - jmeter.threads.JMeterThread: Thread started: ThreadGroup 1-173 
2016/09/07 18:02:42 INFO  - jmeter.threads.JMeterThread: Thread finished: ThreadGroup 1-168 
2016/09/07 18:02:42 INFO  - jmeter.threads.JMeterThread: Thread finished: ThreadGroup 1-173 
2016/09/07 18:02:42 INFO  - jmeter.threads.JMeterThread: Thread started: ThreadGroup 1-172 
2016/09/07 18:02:42 INFO  - jmeter.threads.JMeterThread: Thread finished: ThreadGroup 1-172 
2016/09/07 18:02:42 INFO  - jmeter.threads.JMeterThread: Thread started: ThreadGroup 1-171 
2016/09/07 18:02:42 INFO  - jmeter.threads.JMeterThread: Thread started: ThreadGroup 1-170 
2016/09/07 18:02:42 INFO  - jmeter.threads.JMeterThread: Thread started: ThreadGroup 1-169 
2016/09/07 18:02:42 INFO  - jmeter.threads.JMeterThread: Thread finished: ThreadGroup 1-170 
2016/09/07 18:02:42 INFO  - jmeter.threads.JMeterThread: Thread finished: ThreadGroup 1-171 
2016/09/07 18:02:42 INFO  - jmeter.threads.JMeterThread: Thread finished: ThreadGroup 1-169 
2016/09/07 18:02:42 INFO  - jmeter.threads.JMeterThread: Thread started: ThreadGroup 1-174 
2016/09/07 18:02:42 INFO  - jmeter.threads.JMeterThread: Thread started: ThreadGroup 1-182 
2016/09/07 18:02:42 INFO  - jmeter.threads.JMeterThread: Thread finished: ThreadGroup 1-182 
2016/09/07 18:02:42 INFO  - jmeter.threads.JMeterThread: Thread started: ThreadGroup 1-181 
2016/09/07 18:02:42 INFO  - jmeter.threads.JMeterThread: Thread started: ThreadGroup 1-179 
2016/09/07 18:02:42 INFO  - jmeter.threads.JMeterThread: Thread started: ThreadGroup 1-180 
2016/09/07 18:02:42 INFO  - jmeter.threads.JMeterThread: Thread started: ThreadGroup 1-178 
2016/09/07 18:02:42 INFO  - jmeter.threads.JMeterThread: Thread started: ThreadGroup 1-177 
2016/09/07 18:02:42 INFO  - jmeter.threads.JMeterThread: Thread finished: ThreadGroup 1-177 
2016/09/07 18:02:42 INFO  - jmeter.threads.JMeterThread: Thread started: ThreadGroup 1-176 
2016/09/07 18:02:42 INFO  - jmeter.threads.JMeterThread: Thread started: ThreadGroup 1-175 
2016/09/07 18:02:42 INFO  - jmeter.threads.JMeterThread: Thread finished: ThreadGroup 1-176 
2016/09/07 18:02:42 INFO  - jmeter.threads.JMeterThread: Thread finished: ThreadGroup 1-178 
2016/09/07 18:02:42 INFO  - jmeter.threads.JMeterThread: Thread finished: ThreadGroup 1-180 
2016/09/07 18:02:42 INFO  - jmeter.threads.JMeterThread: Thread finished: ThreadGroup 1-179 
2016/09/07 18:02:42 INFO  - jmeter.threads.JMeterThread: Thread finished: ThreadGroup 1-181 
2016/09/07 18:02:42 INFO  - jmeter.threads.JMeterThread: Thread finished: ThreadGroup 1-174 
2016/09/07 18:02:42 INFO  - jmeter.threads.JMeterThread: Thread finished: ThreadGroup 1-175 
2016/09/07 18:02:42 INFO  - jmeter.threads.JMeterThread: Thread started: ThreadGroup 1-183 
2016/09/07 18:02:42 INFO  - jmeter.threads.JMeterThread: Thread started: ThreadGroup 1-192 
2016/09/07 18:02:42 INFO  - jmeter.threads.JMeterThread: Thread finished: ThreadGroup 1-183 
2016/09/07 18:02:42 INFO  - jmeter.threads.JMeterThread: Thread finished: ThreadGroup 1-192 
2016/09/07 18:02:42 INFO  - jmeter.threads.JMeterThread: Thread started: ThreadGroup 1-191 
2016/09/07 18:02:42 INFO  - jmeter.threads.JMeterThread: Thread started: ThreadGroup 1-190 
2016/09/07 18:02:42 INFO  - jmeter.threads.JMeterThread: Thread started: ThreadGroup 1-189 
2016/09/07 18:02:42 INFO  - jmeter.threads.JMeterThread: Thread started: ThreadGroup 1-188 
2016/09/07 18:02:42 INFO  - jmeter.threads.JMeterThread: Thread started: ThreadGroup 1-187 
2016/09/07 18:02:42 INFO  - jmeter.threads.JMeterThread: Thread started: ThreadGroup 1-186 
2016/09/07 18:02:42 INFO  - jmeter.threads.JMeterThread: Thread started: ThreadGroup 1-184 
2016/09/07 18:02:42 INFO  - jmeter.threads.JMeterThread: Thread started: ThreadGroup 1-185 
2016/09/07 18:02:42 INFO  - jmeter.threads.JMeterThread: Thread finished: ThreadGroup 1-184 
2016/09/07 18:02:42 INFO  - jmeter.threads.JMeterThread: Thread finished: ThreadGroup 1-186 
2016/09/07 18:02:42 INFO  - jmeter.threads.JMeterThread: Thread finished: ThreadGroup 1-187 
2016/09/07 18:02:42 INFO  - jmeter.threads.JMeterThread: Thread finished: ThreadGroup 1-188 
2016/09/07 18:02:42 INFO  - jmeter.threads.JMeterThread: Thread finished: ThreadGroup 1-189 
2016/09/07 18:02:42 INFO  - jmeter.threads.JMeterThread: Thread finished: ThreadGroup 1-190 
2016/09/07 18:02:42 INFO  - jmeter.threads.JMeterThread: Thread finished: ThreadGroup 1-191 
2016/09/07 18:02:42 INFO  - jmeter.threads.JMeterThread: Thread finished: ThreadGroup 1-185 
2016/09/07 18:02:42 INFO  - jmeter.threads.JMeterThread: Thread started: ThreadGroup 1-193 
2016/09/07 18:02:42 INFO  - jmeter.threads.JMeterThread: Thread finished: ThreadGroup 1-193 
2016/09/07 18:02:42 INFO  - jmeter.threads.JMeterThread: Thread started: ThreadGroup 1-195 
2016/09/07 18:02:42 INFO  - jmeter.threads.JMeterThread: Thread started: ThreadGroup 1-194 
2016/09/07 18:02:42 INFO  - jmeter.threads.JMeterThread: Thread finished: ThreadGroup 1-195 
2016/09/07 18:02:42 INFO  - jmeter.threads.JMeterThread: Thread finished: ThreadGroup 1-194 
2016/09/07 18:02:42 INFO  - jmeter.threads.JMeterThread: Thread started: ThreadGroup 1-196 
2016/09/07 18:02:42 INFO  - jmeter.threads.JMeterThread: Thread finished: ThreadGroup 1-196 
2016/09/07 18:02:42 INFO  - jmeter.threads.JMeterThread: Thread started: ThreadGroup 1-197 
2016/09/07 18:02:42 INFO  - jmeter.threads.JMeterThread: Thread finished: ThreadGroup 1-197 
2016/09/07 18:02:42 INFO  - jmeter.threads.JMeterThread: Thread started: ThreadGroup 1-198 
2016/09/07 18:02:42 INFO  - jmeter.threads.JMeterThread: Thread finished: ThreadGroup 1-198 
2016/09/07 18:02:42 INFO  - jmeter.threads.JMeterThread: Thread started: ThreadGroup 1-199 
2016/09/07 18:02:42 INFO  - jmeter.threads.JMeterThread: Thread finished: ThreadGroup 1-199 
2016/09/07 18:02:42 INFO  - jmeter.threads.JMeterThread: Thread started: ThreadGroup 1-200 
2016/09/07 18:02:42 INFO  - jmeter.threads.JMeterThread: Thread finished: ThreadGroup 1-200 
2016/09/07 18:02:43 INFO  - jmeter.protocol.http.parser.HTMLParser: Created org.apache.jmeter.protocol.http.parser.LagartoBasedHtmlParser 
2016/09/07 18:02:44 INFO  - jmeter.threads.JMeterThread: Thread finished: ThreadGroup 1-1 
2016/09/07 18:02:44 INFO  - jmeter.engine.StandardJMeterEngine: Notifying test listeners of end of test 
2016/09/07 18:02:44 INFO  - jmeter.engine.StandardJMeterEngine: Forced JVM shutdown requested at end of test 
